生成启动时间为 2015/5/25 0:04:57。
     1>项目“E:\Programs\Bioinformatics\SNAPI\SNAPI\SNAPI.vcxproj”在节点 2 上(Build 个目标)。
     1>ClCompile:
         C:\Program Files (x86)\Microsoft Visual Studio 12.0\VC\bin\x86_amd64\CL.exe /c /Zi /nologo /W3 /WX- /sdl /Od /D _CRT_SECURE_NO_WARNINGS /D _MBCS /Gm /EHsc /RTC1 /MDd /GS /fp:precise /Zc:wchar_t /Zc:forScope /Fo"x64\Debug\\" /Fd"x64\Debug\vc120.pdb" /Gd /TP /errorReport:prompt Main.cpp
         Main.cpp
     1>e:\programs\bioinformatics\snapi\snapi\seed.h(28): warning C4244: “return”: 从“const unsigned __int64”转换到“unsigned int”，可能丢失数据
       Link:
         C:\Program Files (x86)\Microsoft Visual Studio 12.0\VC\bin\x86_amd64\link.exe /ERRORREPORT:PROMPT /OUT:"E:\Programs\Bioinformatics\SNAPI\x64\Debug\SNAPI.exe" /INCREMENTAL /NOLOGO kernel32.lib user32.lib gdi32.lib winspool.lib comdlg32.lib advapi32.lib shell32.lib ole32.lib oleaut32.lib uuid.lib odbc32.lib odbccp32.lib /MANIFEST /MANIFESTUAC:"level='asInvoker' uiAccess='false'" /manifest:embed /DEBUG /PDB:"E:\Programs\Bioinformatics\SNAPI\x64\Debug\SNAPI.pdb" /LARGEADDRESSAWARE /TLBID:1 /DYNAMICBASE /NXCOMPAT /IMPLIB:"E:\Programs\Bioinformatics\SNAPI\x64\Debug\SNAPI.lib" /MACHINE:X64 x64\Debug\Aligner.obj
         x64\Debug\base.obj
         x64\Debug\BigAlloc.obj
         x64\Debug\defines.obj
         x64\Debug\Genome.obj
         x64\Debug\HashTable.obj
         x64\Debug\Indexer.obj
         x64\Debug\Main.obj
         x64\Debug\NASeq.obj
         x64\Debug\seed.obj
         SNAPI.vcxproj -> E:\Programs\Bioinformatics\SNAPI\x64\Debug\SNAPI.exe
     1>已完成生成项目“E:\Programs\Bioinformatics\SNAPI\SNAPI\SNAPI.vcxproj”(Build 个目标)的操作。

生成成功。

已用时间 00:00:00.88
