e:\programs\bioinformatics\snapi\snapi\debug\vc120.pdb
e:\programs\bioinformatics\snapi\snapi\debug\vc120.idb
e:\programs\bioinformatics\snapi\snapi\debug\aligner.obj
e:\programs\bioinformatics\snapi\snapi\debug\base.obj
e:\programs\bioinformatics\snapi\snapi\debug\defines.obj
e:\programs\bioinformatics\snapi\snapi\debug\genome.obj
e:\programs\bioinformatics\snapi\snapi\debug\hashtable.obj
e:\programs\bioinformatics\snapi\snapi\debug\indexer.obj
e:\programs\bioinformatics\snapi\snapi\debug\main.obj
e:\programs\bioinformatics\snapi\snapi\debug\naseq.obj
e:\programs\bioinformatics\snapi\snapi\debug\seed.obj
e:\programs\bioinformatics\snapi\debug\snapi.pdb
e:\programs\bioinformatics\snapi\snapi\debug\snapi.tlog\cl.command.1.tlog
e:\programs\bioinformatics\snapi\snapi\debug\snapi.tlog\cl.read.1.tlog
e:\programs\bioinformatics\snapi\snapi\debug\snapi.tlog\cl.write.1.tlog
e:\programs\bioinformatics\snapi\snapi\debug\snapi.tlog\link-cvtres.read.1.tlog
e:\programs\bioinformatics\snapi\snapi\debug\snapi.tlog\link-cvtres.write.1.tlog
e:\programs\bioinformatics\snapi\snapi\debug\snapi.tlog\link-rc.read.1.tlog
e:\programs\bioinformatics\snapi\snapi\debug\snapi.tlog\link-rc.write.1.tlog
e:\programs\bioinformatics\snapi\snapi\debug\snapi.tlog\link.command.1.tlog
e:\programs\bioinformatics\snapi\snapi\debug\snapi.tlog\link.read.1.tlog
e:\programs\bioinformatics\snapi\snapi\debug\snapi.tlog\link.write.1.tlog
