生成启动时间为 2015/5/23 23:58:27。
     1>项目“E:\Programs\Bioinformatics\SNAPI\SNAPI\SNAPI.vcxproj”在节点 2 上(Build 个目标)。
     1>ClCompile:
         C:\Program Files (x86)\Microsoft Visual Studio 12.0\VC\bin\CL.exe /c /ZI /nologo /W3 /WX- /sdl /Od /Oy- /D _CRT_SECURE_NO_WARNINGS /D _MBCS /Gm /EHsc /RTC1 /MDd /GS /fp:precise /Zc:wchar_t /Zc:forScope /Fo"Debug\\" /Fd"Debug\vc120.pdb" /Gd /TP /analyze- /errorReport:prompt HashTable.cpp
         HashTable.cpp
     1>e:\programs\bioinformatics\snapi\snapi\hashtable.cpp(13): warning C4244: “初始化”: 从“double”转换到“unsigned int”，可能丢失数据
     1>e:\programs\bioinformatics\snapi\snapi\hashtable.cpp(17): warning C4244: “参数”: 从“unsigned __int64”转换到“size_t”，可能丢失数据
     1>e:\programs\bioinformatics\snapi\snapi\hashtable.cpp(138): warning C4715: “HashTable::saveToFile”: 不是所有的控件路径都返回值
     1>e:\programs\bioinformatics\snapi\snapi\hashtable.cpp(161): warning C4715: “HashTable::loadFromFile”: 不是所有的控件路径都返回值
       Link:
         C:\Program Files (x86)\Microsoft Visual Studio 12.0\VC\bin\link.exe /ERRORREPORT:PROMPT /OUT:"E:\Programs\Bioinformatics\SNAPI\Debug\SNAPI.exe" /INCREMENTAL /NOLOGO kernel32.lib user32.lib gdi32.lib winspool.lib comdlg32.lib advapi32.lib shell32.lib ole32.lib oleaut32.lib uuid.lib odbc32.lib odbccp32.lib /MANIFEST /MANIFESTUAC:"level='asInvoker' uiAccess='false'" /manifest:embed /DEBUG /PDB:"E:\Programs\Bioinformatics\SNAPI\Debug\SNAPI.pdb" /LARGEADDRESSAWARE /TLBID:1 /DYNAMICBASE /NXCOMPAT /IMPLIB:"E:\Programs\Bioinformatics\SNAPI\Debug\SNAPI.lib" /MACHINE:X86 Debug\Aligner.obj
         Debug\base.obj
         Debug\BigAlloc.obj
         Debug\defines.obj
         Debug\Genome.obj
         Debug\HashTable.obj
         Debug\Indexer.obj
         Debug\Main.obj
         Debug\NASeq.obj
         Debug\seed.obj
         SNAPI.vcxproj -> E:\Programs\Bioinformatics\SNAPI\Debug\SNAPI.exe
     1>已完成生成项目“E:\Programs\Bioinformatics\SNAPI\SNAPI\SNAPI.vcxproj”(Build 个目标)的操作。

生成成功。

已用时间 00:00:00.72
