生成启动时间为 2015/5/23 23:23:05。
     1>项目“E:\Programs\Bioinformatics\SNAPI\SNAPI\SNAPI.vcxproj”在节点 2 上(Build 个目标)。
     1>ClCompile:
         C:\Program Files (x86)\Microsoft Visual Studio 12.0\VC\bin\CL.exe /c /Zi /nologo /W3 /WX- /sdl /O2 /Oi /Oy- /GL /D _CRT_SECURE_NO_WARNINGS /D _MBCS /Gm- /EHsc /MD /GS /Gy /fp:precise /Zc:wchar_t /Zc:forScope /Fo"Release\\" /Fd"Release\vc120.pdb" /Gd /TP /analyze- /errorReport:prompt BigAlloc.cpp HashTable.cpp
         BigAlloc.cpp
         HashTable.cpp
     1>HashTable.cpp(13): warning C4244: “初始化”: 从“double”转换到“unsigned int”，可能丢失数据
       Link:
         C:\Program Files (x86)\Microsoft Visual Studio 12.0\VC\bin\link.exe /ERRORREPORT:PROMPT /OUT:"E:\Programs\Bioinformatics\SNAPI\Release\SNAPI.exe" /NOLOGO kernel32.lib user32.lib gdi32.lib winspool.lib comdlg32.lib advapi32.lib shell32.lib ole32.lib oleaut32.lib uuid.lib odbc32.lib odbccp32.lib /MANIFEST /MANIFESTUAC:"level='asInvoker' uiAccess='false'" /manifest:embed /DEBUG /PDB:"E:\Programs\Bioinformatics\SNAPI\Release\SNAPI.pdb" /OPT:REF /OPT:ICF /LTCG /TLBID:1 /DYNAMICBASE /NXCOMPAT /IMPLIB:"E:\Programs\Bioinformatics\SNAPI\Release\SNAPI.lib" /MACHINE:X86 /SAFESEH Release\Aligner.obj
         Release\base.obj
         Release\BigAlloc.obj
         Release\defines.obj
         Release\Genome.obj
         Release\HashTable.obj
         Release\Indexer.obj
         Release\Main.obj
         Release\NASeq.obj
         Release\seed.obj
         正在生成代码
         已完成代码的生成
         SNAPI.vcxproj -> E:\Programs\Bioinformatics\SNAPI\Release\SNAPI.exe
     1>已完成生成项目“E:\Programs\Bioinformatics\SNAPI\SNAPI\SNAPI.vcxproj”(Build 个目标)的操作。

生成成功。

已用时间 00:00:02.59
